2024-04-11 15:32:01 	INFO _config.py:9 Loading configuration settings.
2024-04-11 15:32:01 	SUCCESS _config.py:38 Settings have been loaded.
2024-04-11 15:32:02 	INFO _cert.py:84 Expiration: 2024-10-13 17:03:57+00:00. Issuer: 1.2.840.113549.1.9.1=hello@pishon.store,CN=Eduard,O=IM,L=Prague,ST=Some-State,C=CZ. Subject: 1.2.840.113549.1.9.1=hello@pishon.store,CN=Eduard,O=IM,L=Prague,ST=Some-State,C=CZ
2024-04-11 15:32:02 	SUCCESS _cert.py:89 Certificated CSAT successfully extracted.
2024-04-11 15:32:02 	WARNING _cert.py:111 Certificate CSAT will expire on: 2024-10-13 17:03:57+00:00
2024-04-11 15:32:02 	WARNING _cert.py:55 No valid certificates found in the database for FOO.
2024-04-11 15:32:02 	INFO _cert.py:59 Trying to load new certificate from the disk.
2024-04-11 15:32:02 	WARNING _cert.py:71 Certificate file not found: FOO.pfx.
2024-04-11 15:32:02 	CRITICAL _cert.py:34 Unable to load a valid certificate. Terminating program.
2024-04-11 15:32:27 	INFO _config.py:9 Loading configuration settings.
2024-04-11 15:32:27 	SUCCESS _config.py:38 Settings have been loaded.
2024-04-11 15:32:27 	INFO _cert.py:84 Expiration: 2024-10-13 17:03:57+00:00. Issuer: 1.2.840.113549.1.9.1=hello@pishon.store,CN=Eduard,O=IM,L=Prague,ST=Some-State,C=CZ. Subject: 1.2.840.113549.1.9.1=hello@pishon.store,CN=Eduard,O=IM,L=Prague,ST=Some-State,C=CZ
2024-04-11 15:32:27 	SUCCESS _cert.py:89 Certificated CSAT successfully extracted.
2024-04-11 15:32:27 	WARNING _cert.py:111 Certificate CSAT will expire on: 2024-10-13 17:03:57+00:00
2024-04-11 16:12:25 	INFO _config.py:9 Loading configuration settings.
2024-04-11 16:12:25 	SUCCESS _config.py:38 Settings have been loaded.
2024-04-11 16:14:37 	INFO _config.py:9 Loading configuration settings.
2024-04-11 16:14:37 	SUCCESS _config.py:38 Settings have been loaded.
2024-04-11 16:14:38 	INFO main.py:21 Initializing maintenance.
2024-04-11 16:15:15 	INFO _config.py:9 Loading configuration settings.
2024-04-11 16:15:15 	SUCCESS _config.py:38 Settings have been loaded.
2024-04-11 16:15:17 	INFO main.py:21 Initializing maintenance.
2024-04-11 16:15:17 	INFO main.py:105 Starting FastAPI server
2024-04-11 16:15:17 	INFO maintenance.py:22 Temporary directory found.
2024-04-11 16:15:17 	INFO maintenance.py:26 Checking database table existence.
2024-04-11 16:15:17 	INFO _cert.py:84 Expiration: 2024-10-13 17:03:57+00:00. Issuer: 1.2.840.113549.1.9.1=hello@pishon.store,CN=Eduard,O=IM,L=Prague,ST=Some-State,C=CZ. Subject: 1.2.840.113549.1.9.1=hello@pishon.store,CN=Eduard,O=IM,L=Prague,ST=Some-State,C=CZ
2024-04-11 16:15:17 	SUCCESS _cert.py:89 Certificated CSAT successfully extracted.
2024-04-11 16:15:17 	WARNING _cert.py:111 Certificate CSAT will expire on: 2024-10-13 17:03:57+00:00
2024-04-11 16:31:31 	INFO _config.py:9 Loading configuration settings.
2024-04-11 16:31:31 	SUCCESS _config.py:38 Settings have been loaded.
2024-04-11 16:31:32 	INFO main.py:21 Initializing maintenance.
2024-04-11 16:31:32 	INFO main.py:105 Starting FastAPI server
2024-04-11 16:31:32 	INFO maintenance.py:25 Temporary directory found.
2024-04-11 16:31:32 	INFO maintenance.py:29 Checking database table existence.
2024-04-11 16:31:32 	INFO _cert.py:84 Expiration: 2024-10-13 17:03:57+00:00. Issuer: 1.2.840.113549.1.9.1=hello@pishon.store,CN=Eduard,O=IM,L=Prague,ST=Some-State,C=CZ. Subject: 1.2.840.113549.1.9.1=hello@pishon.store,CN=Eduard,O=IM,L=Prague,ST=Some-State,C=CZ
2024-04-11 16:31:32 	SUCCESS _cert.py:89 Certificated CSAT successfully extracted.
2024-04-11 16:31:32 	WARNING _cert.py:111 Certificate CSAT will expire on: 2024-10-13 17:03:57+00:00
2024-04-11 16:36:29 	INFO _config.py:9 Loading configuration settings.
2024-04-11 16:36:29 	SUCCESS _config.py:38 Settings have been loaded.
2024-04-11 16:36:31 	INFO main.py:21 Initializing maintenance.
2024-04-11 16:36:31 	INFO main.py:105 Starting FastAPI server
2024-04-11 16:36:31 	INFO maintenance.py:22 Temporary directory found.
2024-04-11 16:36:31 	INFO maintenance.py:26 Checking database table existence.
2024-04-11 16:36:31 	INFO _cert.py:84 Expiration: 2024-10-13 17:03:57+00:00. Issuer: 1.2.840.113549.1.9.1=hello@pishon.store,CN=Eduard,O=IM,L=Prague,ST=Some-State,C=CZ. Subject: 1.2.840.113549.1.9.1=hello@pishon.store,CN=Eduard,O=IM,L=Prague,ST=Some-State,C=CZ
2024-04-11 16:36:31 	SUCCESS _cert.py:89 Certificated CSAT successfully extracted.
2024-04-11 16:36:31 	WARNING _cert.py:111 Certificate CSAT will expire on: 2024-10-13 17:03:57+00:00
2024-04-11 16:37:13 	INFO _config.py:9 Loading configuration settings.
2024-04-11 16:37:13 	SUCCESS _config.py:38 Settings have been loaded.
2024-04-11 16:37:14 	INFO main.py:23 Initializing maintenance.
2024-04-11 16:37:14 	INFO main.py:107 Starting FastAPI server
2024-04-11 16:37:14 	INFO maintenance.py:22 Temporary directory found.
2024-04-11 16:37:14 	INFO maintenance.py:26 Checking database table existence.
2024-04-11 16:37:14 	INFO _cert.py:84 Expiration: 2024-10-13 17:03:57+00:00. Issuer: 1.2.840.113549.1.9.1=hello@pishon.store,CN=Eduard,O=IM,L=Prague,ST=Some-State,C=CZ. Subject: 1.2.840.113549.1.9.1=hello@pishon.store,CN=Eduard,O=IM,L=Prague,ST=Some-State,C=CZ
2024-04-11 16:37:14 	SUCCESS _cert.py:89 Certificated CSAT successfully extracted.
2024-04-11 16:37:14 	WARNING _cert.py:111 Certificate CSAT will expire on: 2024-10-13 17:03:57+00:00
2024-04-11 16:37:40 	INFO _config.py:9 Loading configuration settings.
2024-04-11 16:37:40 	SUCCESS _config.py:38 Settings have been loaded.
2024-04-11 16:37:42 	INFO main.py:23 Initializing maintenance.
2024-04-11 16:37:42 	INFO main.py:107 Starting FastAPI server
2024-04-11 16:37:42 	INFO maintenance.py:22 Temporary directory found.
2024-04-11 16:37:42 	INFO maintenance.py:26 Checking database table existence.
2024-04-11 16:37:42 	INFO _cert.py:84 Expiration: 2024-10-13 17:03:57+00:00. Issuer: 1.2.840.113549.1.9.1=hello@pishon.store,CN=Eduard,O=IM,L=Prague,ST=Some-State,C=CZ. Subject: 1.2.840.113549.1.9.1=hello@pishon.store,CN=Eduard,O=IM,L=Prague,ST=Some-State,C=CZ
2024-04-11 16:37:42 	SUCCESS _cert.py:89 Certificated CSAT successfully extracted.
2024-04-11 16:37:42 	WARNING _cert.py:111 Certificate CSAT will expire on: 2024-10-13 17:03:57+00:00
2024-04-11 16:38:03 	INFO _config.py:9 Loading configuration settings.
2024-04-11 16:38:03 	SUCCESS _config.py:38 Settings have been loaded.
2024-04-11 16:38:04 	INFO main.py:23 Initializing maintenance.
2024-04-11 16:38:04 	INFO main.py:107 Starting FastAPI server
2024-04-11 16:38:04 	INFO maintenance.py:22 Temporary directory found.
2024-04-11 16:38:04 	INFO maintenance.py:26 Checking database table existence.
2024-04-11 16:38:04 	INFO _cert.py:84 Expiration: 2024-10-13 17:03:57+00:00. Issuer: 1.2.840.113549.1.9.1=hello@pishon.store,CN=Eduard,O=IM,L=Prague,ST=Some-State,C=CZ. Subject: 1.2.840.113549.1.9.1=hello@pishon.store,CN=Eduard,O=IM,L=Prague,ST=Some-State,C=CZ
2024-04-11 16:38:04 	SUCCESS _cert.py:89 Certificated CSAT successfully extracted.
2024-04-11 16:38:04 	WARNING _cert.py:111 Certificate CSAT will expire on: 2024-10-13 17:03:57+00:00
2024-04-11 16:40:10 	WARNING main.py:112 #######################################################
2024-04-11 16:40:10 	WARNING main.py:113 {'CSAT': <_cert.Certificate object at 0x000001C1D2B968A0>}
